Building DAG of jobs...
Using shell: /usr/bin/bash
Provided cores: 1 (use --cores to define parallelism)
Rules claiming more threads will be scaled down.
Job stats:
job              count    min threads    max threads
-------------  -------  -------------  -------------
bwa_map              1              1              1
samtools_sort        1              1              1
total                2              1              1

Select jobs to execute...

[Sun Apr  2 15:16:37 2023]
rule bwa_map:
    input: data/genome.fa, data/samples/B.fastq
    output: mapped_reads/B.bam
    jobid: 1
    reason: Missing output files: mapped_reads/B.bam
    wildcards: sample=B
    resources: tmpdir=/tmp

[Sun Apr  2 15:16:37 2023]
Finished job 1.
1 of 2 steps (50%) done
Select jobs to execute...

[Sun Apr  2 15:16:37 2023]
rule samtools_sort:
    input: mapped_reads/B.bam
    output: sorted_reads/B.bam
    jobid: 0
    reason: Missing output files: sorted_reads/B.bam; Input files updated by another job: mapped_reads/B.bam
    wildcards: sample=B
    resources: tmpdir=/tmp

[Sun Apr  2 15:16:38 2023]
Finished job 0.
2 of 2 steps (100%) done
Complete log: .snakemake/log/2023-04-02T151636.106344.snakemake.log
