Building DAG of jobs...
Using shell: /usr/bin/bash
Provided cores: 1 (use --cores to define parallelism)
Rules claiming more threads will be scaled down.
Job stats:
job           count    min threads    max threads
----------  -------  -------------  -------------
all               1              1              1
plot_quals        1              1              1
total             2              1              1

Select jobs to execute...

[Sun Apr  2 16:02:16 2023]
rule plot_quals:
    input: calls/all.vcf
    output: plots/quals.svg
    jobid: 1
    reason: Missing output files: plots/quals.svg
    resources: tmpdir=/tmp

[Sun Apr  2 16:02:19 2023]
Finished job 1.
1 of 2 steps (50%) done
Select jobs to execute...

[Sun Apr  2 16:02:19 2023]
localrule all:
    input: plots/quals.svg
    jobid: 0
    reason: Input files updated by another job: plots/quals.svg
    resources: tmpdir=/tmp

[Sun Apr  2 16:02:19 2023]
Finished job 0.
2 of 2 steps (100%) done
Complete log: .snakemake/log/2023-04-02T160216.035483.snakemake.log
